\BOOKMARK [1][-]{section.1}{\376\377\000I\000n\000t\000r\000o\000d\000u\000c\000t\000i\000o\000n}{}% 1
\BOOKMARK [2][-]{subsection.1.1}{\376\377\000A\000s\000s\000u\000m\000p\000t\000i\000o\000n\000s\000\040\000a\000n\000d\000\040\000S\000y\000m\000b\000o\000l\000s}{section.1}% 2
\BOOKMARK [2][-]{subsection.1.2}{\376\377\000O\000u\000r\000w\000o\000r\000k}{section.1}% 3
\BOOKMARK [1][-]{section.2}{\376\377\000A\000s\000s\000u\000m\000p\000t\000i\000o\000n\000s\000\040\000a\000n\000d\000\040\000S\000y\000m\000b\000o\000l\000s}{}% 4
\BOOKMARK [2][-]{subsection.2.1}{\376\377\000M\000o\000d\000e\000l\000\040\000H\000y\000p\000o\000t\000h\000e\000s\000i\000s}{section.2}% 5
\BOOKMARK [2][-]{subsection.2.2}{\376\377\000S\000y\000m\000b\000o\000l\000s\000\040\000a\000n\000d\000\040\000D\000e\000f\000i\000n\000i\000t\000i\000o\000n\000s\000\040\000a\000n\000d\000\040\000U\000n\000i\000t}{section.2}% 6
\BOOKMARK [1][-]{section.3}{\376\377\000P\000r\000o\000b\000l\000e\000m\000\040\000A\000n\000a\000l\000y\000s\000i\000s\000\040\000a\000n\000d\000\040\000M\000o\000d\000e\000l\000\040\000D\000e\000v\000e\000l\000o\000p\000m\000e\000n\000t\000\040\000a\000n\000d\000\040\000S\000o\000l\000u\000t\000i\000o\000n}{}% 7
\BOOKMARK [1][-]{section.4}{\376\377\000U\000s\000e\000\040\000f\000o\000r\000\040\000s\000e\000v\000e\000r\000a\000l\000\040\000s\000p\000e\000c\000i\000f\000i\000c\000\040\000i\000s\000s\000u\000e\000s}{}% 8
\BOOKMARK [2][-]{subsection.4.1}{\376\377\000P\000e\000r\000f\000o\000r\000m\000a\000n\000c\000e\000\040\000E\000v\000a\000l\000u\000a\000t\000i\000o\000n\000\040\000o\000f\000\040\000T\000r\000a\000n\000s\000p\000o\000r\000t\000\040\000S\000c\000h\000e\000m\000e\000s\000\040\000a\000n\000d\000\040\000M\000u\000l\000t\000i\000-\000C\000r\000i\000t\000e\000r\000i\000a\000\040\000D\000e\000c\000i\000s\000i\000o\000n\000-\000M\000a\000k\000i\000n\000g}{section.4}% 9
\BOOKMARK [3][-]{subsubsection.4.1.1}{\376\377\000P\000r\000o\000b\000l\000e\000m\000\040\000A\000n\000a\000l\000y\000s\000i\000s}{subsection.4.1}% 10
\BOOKMARK [3][-]{subsubsection.4.1.2}{\376\377\000\040\000S\000o\000l\000v\000i\000n\000g\000\040\000m\000o\000d\000e\000l\000s}{subsection.4.1}% 11
\BOOKMARK [3][-]{subsubsection.4.1.3}{\376\377\000A\000n\000a\000l\000y\000s\000i\000s\000\040\000o\000f\000\040\000R\000e\000s\000u\000l\000t\000s}{subsection.4.1}% 12
\BOOKMARK [2][-]{subsection.4.2}{\376\377\000C\000o\000n\000s\000t\000r\000u\000c\000t\000i\000o\000n\000\040\000o\000f\000\040\000h\000y\000b\000r\000i\000d\000\040\000t\000r\000a\000n\000s\000p\000o\000r\000t\000a\000t\000i\000o\000n\000\040\000m\000o\000d\000e\000l\000s\000\040\000b\000a\000s\000e\000d\000\040\000o\000n\000\040\000d\000i\000f\000f\000e\000r\000e\000n\000t\000\040\000s\000c\000e\000n\000a\000r\000i\000o\000s}{section.4}% 13
\BOOKMARK [3][-]{subsubsection.4.2.1}{\376\377\000P\000r\000o\000b\000l\000e\000m\000\040\000A\000n\000a\000l\000y\000s\000i\000s}{subsection.4.2}% 14
\BOOKMARK [3][-]{subsubsection.4.2.2}{\376\377\000S\000o\000l\000v\000i\000n\000g\000\040\000t\000h\000e\000\040\000m\000o\000d\000e\000l}{subsection.4.2}% 15
\BOOKMARK [3][-]{subsubsection.4.2.3}{\376\377\000A\000n\000a\000l\000y\000s\000i\000s\000\040\000o\000f\000\040\000R\000e\000s\000u\000l\000t\000s}{subsection.4.2}% 16
\BOOKMARK [2][-]{subsection.4.3}{\376\377\000A\000n\000a\000l\000y\000s\000i\000s\000\040\000o\000f\000\040\000A\000n\000n\000u\000a\000l\000\040\000W\000a\000t\000e\000r\000\040\000S\000u\000p\000p\000l\000y\000\040\000f\000o\000r\000\040\000L\000u\000n\000a\000r\000\040\000C\000o\000l\000o\000n\000i\000e\000s}{section.4}% 17
\BOOKMARK [3][-]{subsubsection.4.3.1}{\376\377\000P\000r\000o\000b\000l\000e\000m\000\040\000A\000n\000a\000l\000y\000s\000i\000s}{subsection.4.3}% 18
\BOOKMARK [3][-]{subsubsection.4.3.2}{\376\377\000E\000s\000t\000a\000b\000l\000i\000s\000h\000m\000e\000n\000t\000\040\000o\000f\000\040\000a\000\040\000W\000a\000t\000e\000r\000\040\000D\000e\000m\000a\000n\000d\000\040\000E\000s\000t\000i\000m\000a\000t\000i\000o\000n\000\040\000M\000o\000d\000e\000l}{subsection.4.3}% 19
\BOOKMARK [3][-]{subsubsection.4.3.3}{\376\377\000S\000o\000l\000v\000i\000n\000g\000\040\000t\000h\000e\000\040\000m\000o\000d\000e\000l}{subsection.4.3}% 20
\BOOKMARK [3][-]{subsubsection.4.3.4}{\376\377\000A\000n\000a\000l\000y\000s\000i\000s\000\040\000o\000f\000\040\000R\000e\000s\000u\000l\000t\000s}{subsection.4.3}% 21
\BOOKMARK [2][-]{subsection.4.4}{\376\377\000\040\000A\000n\000a\000l\000y\000s\000i\000s\000\040\000o\000f\000\040\000E\000n\000v\000i\000r\000o\000n\000m\000e\000n\000t\000a\000l\000\040\000I\000m\000p\000a\000c\000t\000\040\000A\000s\000s\000e\000s\000s\000m\000e\000n\000t\000\040\000a\000n\000d\000\040\000M\000i\000n\000i\000m\000i\000z\000a\000t\000i\000o\000n\000\040\000S\000t\000r\000a\000t\000e\000g\000i\000e\000s}{section.4}% 22
\BOOKMARK [3][-]{subsubsection.4.4.1}{\376\377\000P\000r\000o\000b\000l\000e\000m\000\040\000A\000n\000a\000l\000y\000s\000i\000s}{subsection.4.4}% 23
\BOOKMARK [3][-]{subsubsection.4.4.2}{\376\377\000E\000s\000t\000a\000b\000l\000i\000s\000h\000m\000e\000n\000t\000\040\000o\000f\000\040\000a\000\040\000Q\000u\000a\000n\000t\000i\000t\000a\000t\000i\000v\000e\000\040\000A\000s\000s\000e\000s\000s\000m\000e\000n\000t\000\040\000M\000o\000d\000e\000l}{subsection.4.4}% 24
\BOOKMARK [3][-]{subsubsection.4.4.3}{\376\377\000S\000o\000l\000v\000i\000n\000g\000\040\000t\000h\000e\000\040\000m\000o\000d\000e\000l}{subsection.4.4}% 25
\BOOKMARK [3][-]{subsubsection.4.4.4}{\376\377\000A\000n\000a\000l\000y\000s\000i\000s\000\040\000o\000f\000\040\000R\000e\000s\000u\000l\000t\000s}{subsection.4.4}% 26
\BOOKMARK [1][-]{section.5}{\376\377\000M\000o\000d\000e\000l\000\040\000v\000a\000l\000i\000d\000a\000t\000i\000o\000n}{}% 27
\BOOKMARK [2][-]{subsection.5.1}{\376\377\000S\000e\000n\000s\000i\000t\000i\000v\000i\000t\000y\000\040\000A\000n\000a\000l\000y\000s\000i\000s}{section.5}% 28
\BOOKMARK [2][-]{subsection.5.2}{\376\377\000E\000r\000r\000o\000r\000\040\000A\000n\000a\000l\000y\000s\000i\000s}{section.5}% 29
\BOOKMARK [1][-]{section.6}{\376\377\000M\000o\000d\000e\000l\000\040\000e\000v\000a\000l\000u\000a\000t\000i\000o\000n\000\040\000a\000n\000d\000\040\000o\000p\000t\000i\000m\000i\000z\000a\000t\000i\000o\000n}{}% 30
\BOOKMARK [2][-]{subsection.6.1}{\376\377\000A\000d\000v\000a\000n\000t\000a\000g\000e\000s\000\040\000o\000f\000\040\000t\000h\000e\000\040\000m\000o\000d\000e\000l}{section.6}% 31
\BOOKMARK [2][-]{subsection.6.2}{\376\377\000L\000i\000m\000i\000t\000a\000t\000i\000o\000n\000s\000\040\000o\000f\000\040\000t\000h\000e\000\040\000m\000o\000d\000e\000l}{section.6}% 32
\BOOKMARK [2][-]{subsection.6.3}{\376\377\000M\000o\000d\000e\000l\000\040\000o\000p\000t\000i\000m\000i\000s\000a\000t\000i\000o\000n}{section.6}% 33
\BOOKMARK [1][-]{section.7}{\376\377\000C\000o\000r\000r\000e\000s\000p\000o\000n\000d\000e\000n\000c\000e}{}% 34
